<?xml version="1.0" encoding="UTF-8"?>
<!-- Generated by org.testng.reporters.JUnitXMLReporter -->
<testsuite ignored="0" hostname="LAPTOP-MOABL95Q" failures="0" tests="3" name="Submit Order Test" time="47.697" errors="0" timestamp="2024-11-16T20:43:52 IST">
  <testcase classname="RoshanAcademy.SeleniumFrameworkDesign.StandAloneTest" name="standAloneTest" time="21.277"/>
  <testcase classname="RoshanAcademy.SeleniumFrameworkDesign.StandAloneTest" name="standAloneTest" time="17.595"/>
  <testcase classname="RoshanAcademy.SeleniumFrameworkDesign.StandAloneTest" name="OrderHistoryTest" time="0.754"/>
</testsuite> <!-- Submit Order Test -->
